<?xml version="1.0" encoding="UTF-8"?>
<testng-results skipped="0" failed="0" total="1" passed="1">
  <reporter-output>
  </reporter-output>
  <suite name="Suite" duration-ms="33402" started-at="2018-01-16T11:20:43Z" finished-at="2018-01-16T11:21:16Z">
    <groups>
    </groups>
    <test name="Test" duration-ms="33402" started-at="2018-01-16T11:20:43Z" finished-at="2018-01-16T11:21:16Z">
      <class name="Example.NewTest">
        <test-method status="PASS" signature="beforeTest()[pri:0, instance:Example.NewTest@7a5d012c]" name="beforeTest" is-config="true" duration-ms="3980" started-at="2018-01-16T16:50:43Z" finished-at="2018-01-16T16:50:47Z">
          <reporter-output>
          </reporter-output>
        </test-method> <!-- beforeTest -->
        <test-method status="PASS" signature="testEasy()[pri:0, instance:Example.NewTest@7a5d012c]" name="testEasy" duration-ms="28257" started-at="2018-01-16T16:50:47Z" finished-at="2018-01-16T16:51:15Z">
          <reporter-output>
          </reporter-output>
        </test-method> <!-- testEasy -->
        <test-method status="PASS" signature="afterTest()[pri:0, instance:Example.NewTest@7a5d012c]" name="afterTest" is-config="true" duration-ms="1055" started-at="2018-01-16T16:51:15Z" finished-at="2018-01-16T16:51:16Z">
          <reporter-output>
          </reporter-output>
        </test-method> <!-- afterTest -->
      </class> <!-- Example.NewTest -->
    </test> <!-- Test -->
  </suite> <!-- Suite -->
</testng-results>
