<?xml version="1.0" encoding="UTF-8"?>
<testng-results skipped="0" failed="0" ignored="0" total="1" passed="1">
  <reporter-output>
  </reporter-output>
  <suite name="Suite" duration-ms="39889" started-at="2018-01-16T11:19:24Z" finished-at="2018-01-16T11:20:04Z">
    <groups>
    </groups>
    <test name="Test" duration-ms="39889" started-at="2018-01-16T11:19:24Z" finished-at="2018-01-16T11:20:04Z">
      <class name="Example.NewTest">
        <test-method status="PASS" signature="beforeTest()[pri:0, instance:Example.NewTest@192d3247]" name="beforeTest" is-config="true" duration-ms="11451" started-at="2018-01-16T16:49:24Z" finished-at="2018-01-16T16:49:36Z">
          <reporter-output>
          </reporter-output>
        </test-method> <!-- beforeTest -->
        <test-method status="PASS" signature="testEasy()[pri:0, instance:Example.NewTest@192d3247]" name="testEasy" duration-ms="27229" started-at="2018-01-16T16:49:36Z" finished-at="2018-01-16T16:50:03Z">
          <reporter-output>
          </reporter-output>
        </test-method> <!-- testEasy -->
        <test-method status="PASS" signature="afterTest()[pri:0, instance:Example.NewTest@192d3247]" name="afterTest" is-config="true" duration-ms="1158" started-at="2018-01-16T16:50:03Z" finished-at="2018-01-16T16:50:04Z">
          <reporter-output>
          </reporter-output>
        </test-method> <!-- afterTest -->
      </class> <!-- Example.NewTest -->
    </test> <!-- Test -->
  </suite> <!-- Suite -->
</testng-results>
